Terminals which are not used

   NUMBER


Grammar

    0 $accept: real_command $end

    1 real_command: single_command EOL
    2             | real_command EOL
    3             | EOL

    4 single_command: WORD
    5               | single_command WORD


Terminals, with rules where they appear

$end (0) 0
error (256)
EOL (258) 1 2 3
WORD (259) 4 5
NUMBER (260)


Nonterminals, with rules where they appear

$accept (6)
    on left: 0
real_command (7)
    on left: 1 2 3, on right: 0 2
single_command (8)
    on left: 4 5, on right: 1 5


state 0

    0 $accept: . real_command $end

    EOL   shift, and go to state 1
    WORD  shift, and go to state 2

    real_command    go to state 3
    single_command  go to state 4


state 1

    3 real_command: EOL .

    $default  reduce using rule 3 (real_command)


state 2

    4 single_command: WORD .

    $default  reduce using rule 4 (single_command)


state 3

    0 $accept: real_command . $end
    2 real_command: real_command . EOL

    $end  shift, and go to state 5
    EOL   shift, and go to state 6


state 4

    1 real_command: single_command . EOL
    5 single_command: single_command . WORD

    EOL   shift, and go to state 7
    WORD  shift, and go to state 8


state 5

    0 $accept: real_command $end .

    $default  accept


state 6

    2 real_command: real_command EOL .

    $default  reduce using rule 2 (real_command)


state 7

    1 real_command: single_command EOL .

    $default  reduce using rule 1 (real_command)


state 8

    5 single_command: single_command WORD .

    $default  reduce using rule 5 (single_command)
